(0,0,0);(2,2,4)
(0,0,4);(2,2,4)
(0,0,8);(2,2,4)
(0,0,12);(2,2,4)
(0,0,16);(2,2,4)
(0,0,20);(2,2,4)
(0,2,0);(2,2,4)
(0,2,4);(2,2,4)
(0,2,8);(2,2,4)
(0,2,12);(2,2,4)
(0,2,16);(2,2,4)
(0,2,20);(2,2,4)
(0,4,0);(2,2,4)
(0,4,4);(2,2,4)
(0,4,8);(2,2,4)
(0,4,12);(2,2,4)
(0,4,16);(2,2,4)
(0,4,20);(2,2,4)
(0,6,0);(2,2,4)
(0,6,4);(2,2,4)
(0,6,8);(2,2,4)
(0,6,12);(2,2,4)
(0,6,16);(2,2,4)
(0,6,20);(2,2,4)
(0,8,0);(2,2,4)
(0,8,4);(2,2,4)
(0,8,8);(2,2,4)
(0,8,12);(2,2,4)
(0,8,16);(2,2,4)
(0,8,20);(2,2,4)
(0,10,0);(2,2,4)
(0,10,4);(2,2,4)
(0,10,8);(2,2,4)
(0,10,12);(2,2,4)
(0,10,16);(2,2,4)
(0,10,20);(2,2,4)
(0,12,0);(2,2,4)
(0,12,4);(2,2,4)
(0,12,8);(2,2,4)
(0,12,12);(2,2,4)
(0,12,16);(2,2,4)
(0,12,20);(2,2,4)
(2,0,0);(2,2,4)
(2,0,4);(2,2,4)
(2,0,8);(2,2,4)
(2,0,12);(2,2,4)
(2,0,16);(2,2,4)
(2,0,20);(2,2,4)
(2,2,0);(2,2,4)
(2,2,4);(2,2,4)
(2,2,8);(2,2,4)
(2,2,12);(2,2,4)
(2,2,16);(2,2,4)
(2,2,20);(2,2,4)
(2,4,0);(2,2,4)
(2,4,4);(2,2,4)
(2,4,8);(2,2,4)
(2,4,12);(2,2,4)
(2,4,16);(2,2,4)
(2,4,20);(2,2,4)
(2,6,0);(2,2,4)
(2,6,4);(2,2,4)
(2,6,8);(2,2,4)
(2,6,12);(2,2,4)
(2,6,16);(2,2,4)
(2,6,20);(2,2,4)
(2,8,0);(2,2,4)
(2,8,4);(2,2,4)
(2,8,8);(2,2,4)
(2,8,12);(2,2,4)
(2,8,16);(2,2,4)
(2,8,20);(2,2,4)
(2,10,0);(2,2,4)
(2,10,4);(2,2,4)
(2,10,8);(2,2,4)
(2,10,12);(2,2,4)
(2,10,16);(2,2,4)
(2,10,20);(2,2,4)
(2,12,0);(2,2,4)
(2,12,4);(2,2,4)
(2,12,8);(2,2,4)
(2,12,12);(2,2,4)
(2,12,16);(2,2,4)
(2,12,20);(2,2,4)
(4,0,0);(2,2,4)
(4,0,4);(2,2,4)
(4,0,8);(2,2,4)
(4,0,12);(2,2,4)
(4,0,16);(2,2,4)
(4,0,20);(2,2,4)
(4,2,0);(2,2,4)
(4,2,4);(2,2,4)
(4,2,8);(2,2,4)
(4,2,12);(2,2,4)
(4,2,16);(2,2,4)
(4,2,20);(2,2,4)
(4,4,0);(2,2,4)
(4,4,4);(2,2,4)
(4,4,8);(2,2,4)
(4,4,12);(2,2,4)
(4,4,16);(2,2,4)
(4,4,20);(2,2,4)
(4,6,0);(2,2,4)
(4,6,4);(2,2,4)
(4,6,8);(2,2,4)
(4,6,12);(2,2,4)
(4,6,16);(2,2,4)
(4,6,20);(2,2,4)
(4,8,0);(2,2,4)
(4,8,4);(2,2,4)
(4,8,8);(2,2,4)
(4,8,12);(2,2,4)
(4,8,16);(2,2,4)
(4,8,20);(2,2,4)
(4,10,0);(2,2,4)
(4,10,4);(2,2,4)
(4,10,8);(2,2,4)
(4,10,12);(2,2,4)
(4,10,16);(2,2,4)
(4,10,20);(2,2,4)
(4,12,0);(2,2,4)
(4,12,4);(2,2,4)
(4,12,8);(2,2,4)
(4,12,12);(2,2,4)
(4,12,16);(2,2,4)
(4,12,20);(2,2,4)
(6,0,0);(2,2,4)
(6,0,4);(2,2,4)
(6,0,8);(2,2,4)
(6,0,12);(2,2,4)
(6,0,16);(2,2,4)
(6,0,20);(2,2,4)
(6,2,0);(2,2,4)
(6,2,4);(2,2,4)
(6,2,8);(2,2,4)
(6,2,12);(2,2,4)
(6,2,16);(2,2,4)
(6,2,20);(2,2,4)
(6,4,0);(2,2,4)
(6,4,4);(2,2,4)
(6,4,8);(2,2,4)
(6,4,12);(2,2,4)
(6,4,16);(2,2,4)
(6,4,20);(2,2,4)
(6,6,0);(2,2,4)
(6,6,4);(2,2,4)
(6,6,8);(2,2,4)
(6,6,12);(2,2,4)
(6,6,16);(2,2,4)
(6,6,20);(2,2,4)
(6,8,0);(2,2,4)
(6,8,4);(2,2,4)
(6,8,8);(2,2,4)
(6,8,12);(2,2,4)
(6,8,16);(2,2,4)
(6,8,20);(2,2,4)
(6,10,0);(2,2,4)
(6,10,4);(2,2,4)
(6,10,8);(2,2,4)
(6,10,12);(2,2,4)
(6,10,16);(2,2,4)
(6,10,20);(2,2,4)
(6,12,0);(2,2,4)
(6,12,4);(2,2,4)
(6,12,8);(2,2,4)
(6,12,12);(2,2,4)
(6,12,16);(2,2,4)
(6,12,20);(2,2,4)
(8,0,0);(2,2,4)
(8,0,4);(2,2,4)
(8,0,8);(2,2,4)
(8,0,12);(2,2,4)
(8,0,16);(2,2,4)
(8,0,20);(2,2,4)
(8,2,0);(2,2,4)
(8,2,4);(2,2,4)
(8,2,8);(2,2,4)
(8,2,12);(2,2,4)
(8,2,16);(2,2,4)
(8,2,20);(2,2,4)
(8,4,0);(2,2,4)
(8,4,4);(2,2,4)
(8,4,8);(2,2,4)
(8,4,12);(2,2,4)
(8,4,16);(2,2,4)
(8,4,20);(2,2,4)
(8,6,0);(2,2,4)
(8,6,4);(2,2,4)
(8,6,8);(2,2,4)
(8,6,12);(2,2,4)
(8,6,16);(2,2,4)
(8,6,20);(2,2,4)
(8,8,0);(2,2,4)
(8,8,4);(2,2,4)
(8,8,8);(2,2,4)
(8,8,12);(2,2,4)
(8,8,16);(2,2,4)
(8,8,20);(2,2,4)
(8,10,0);(2,2,4)
(8,10,4);(2,2,4)
(8,10,8);(2,2,4)
(8,10,12);(2,2,4)
(8,10,16);(2,2,4)
(8,10,20);(2,2,4)
(8,12,0);(2,2,4)
(8,12,4);(2,2,4)
(8,12,8);(2,2,4)
(8,12,12);(2,2,4)
(8,12,16);(2,2,4)
(8,12,20);(2,2,4)
(10,0,0);(2,2,4)
(10,0,4);(2,2,4)
(10,0,8);(2,2,4)
(10,0,12);(2,2,4)
(10,0,16);(2,2,4)
(10,0,20);(2,2,4)
(10,2,0);(2,2,4)
(10,2,4);(2,2,4)
(10,2,8);(2,2,4)
(10,2,12);(2,2,4)
(10,2,16);(2,2,4)
(10,2,20);(2,2,4)
(10,4,0);(2,2,4)
(10,4,4);(2,2,4)
(10,4,8);(2,2,4)
(10,4,12);(2,2,4)
(10,4,16);(2,2,4)
(10,4,20);(2,2,4)
(10,6,0);(2,2,4)
(10,6,4);(2,2,4)
(10,6,8);(2,2,4)
(10,6,12);(2,2,4)
(10,6,16);(2,2,4)
(10,6,20);(2,2,4)
(10,8,0);(2,2,4)
(10,8,4);(2,2,4)
(10,8,8);(2,2,4)
(10,8,12);(2,2,4)
(10,8,16);(2,2,4)
(10,8,20);(2,2,4)
(10,10,0);(2,2,4)
(10,10,4);(2,2,4)
(10,10,8);(2,2,4)
(10,10,12);(2,2,4)
(10,10,16);(2,2,4)
(10,10,20);(2,2,4)
(10,12,0);(2,2,4)
(10,12,4);(2,2,4)
(10,12,8);(2,2,4)
(10,12,12);(2,2,4)
(10,12,16);(2,2,4)
(10,12,20);(2,2,4)
(12,0,0);(2,2,4)
(12,0,4);(2,2,4)
(12,0,8);(2,2,4)
(12,0,12);(2,2,4)
(12,0,16);(2,2,4)
(12,0,20);(2,2,4)
(12,2,0);(2,2,4)
(12,2,4);(2,2,4)
(12,2,8);(2,2,4)
(12,2,12);(2,2,4)
(12,2,16);(2,2,4)
(12,2,20);(2,2,4)
(12,4,0);(2,2,4)
(12,4,4);(2,2,4)
(12,4,8);(2,2,4)
(12,4,12);(2,2,4)
(12,4,16);(2,2,4)
(12,4,20);(2,2,4)
(12,6,0);(2,2,4)
(12,6,4);(2,2,4)
(12,6,8);(2,2,4)
(12,6,12);(2,2,4)
(12,6,16);(2,2,4)
(12,6,20);(2,2,4)
(12,8,0);(2,2,4)
(12,8,4);(2,2,4)
(12,8,8);(2,2,4)
(12,8,12);(2,2,4)
(12,8,16);(2,2,4)
(12,8,20);(2,2,4)
(12,10,0);(2,2,4)
(12,10,4);(2,2,4)
(12,10,8);(2,2,4)
(12,10,12);(2,2,4)
(12,10,16);(2,2,4)
(12,10,20);(2,2,4)
(12,12,0);(2,2,4)
(12,12,4);(2,2,4)
(12,12,8);(2,2,4)
(12,12,12);(2,2,4)
(12,12,16);(2,2,4)
(12,12,20);(2,2,4)
(14,0,0);(2,2,4)
(14,0,4);(2,2,4)
(14,0,8);(2,2,4)
(14,0,12);(2,2,4)
(14,0,16);(2,2,4)
(14,0,20);(2,2,4)
(14,2,0);(2,2,4)
(14,2,4);(2,2,4)
(14,2,8);(2,2,4)
(14,2,12);(2,2,4)
(14,2,16);(2,2,4)
(14,2,20);(2,2,4)
(14,4,0);(2,2,4)
(14,4,4);(2,2,4)
(14,4,8);(2,2,4)
(14,4,12);(2,2,4)
(14,4,16);(2,2,4)
(14,4,20);(2,2,4)
(14,6,0);(2,2,4)
(14,6,4);(2,2,4)
(14,6,8);(2,2,4)
(14,6,12);(2,2,4)
(14,6,16);(2,2,4)
(14,6,20);(2,2,4)
(14,8,0);(2,2,4)
(14,8,4);(2,2,4)
(14,8,8);(2,2,4)
(14,8,12);(2,2,4)
(14,8,16);(2,2,4)
(14,8,20);(2,2,4)
(14,10,0);(2,2,4)
(14,10,4);(2,2,4)
(14,10,8);(2,2,4)
(14,10,12);(2,2,4)
(14,10,16);(2,2,4)
(14,10,20);(2,2,4)
(14,12,0);(2,2,4)
(14,12,4);(2,2,4)
(14,12,8);(2,2,4)
(14,12,12);(2,2,4)
(14,12,16);(2,2,4)
(14,12,20);(2,2,4)
(16,0,0);(2,2,4)
(16,0,4);(2,2,4)
(16,0,8);(2,2,4)
(16,0,12);(2,2,4)
(16,0,16);(2,2,4)
(16,0,20);(2,2,4)
(16,2,0);(2,2,4)
(16,2,4);(2,2,4)
(16,2,8);(2,2,4)
(16,2,12);(2,2,4)
(16,2,16);(2,2,4)
(16,2,20);(2,2,4)
(16,4,0);(2,2,4)
(16,4,4);(2,2,4)
(16,4,8);(2,2,4)
(16,4,12);(2,2,4)
(16,4,16);(2,2,4)
(16,4,20);(2,2,4)
(16,6,0);(2,2,4)
(16,6,4);(2,2,4)
(16,6,8);(2,2,4)
(16,6,12);(2,2,4)
(16,6,16);(2,2,4)
(16,6,20);(2,2,4)
(16,8,0);(2,2,4)
(16,8,4);(2,2,4)
(16,8,8);(2,2,4)
(16,8,12);(2,2,4)
(16,8,16);(2,2,4)
(16,8,20);(2,2,4)
(16,10,0);(2,2,4)
(16,10,4);(2,2,4)
(16,10,8);(2,2,4)
(16,10,12);(2,2,4)
(16,10,16);(2,2,4)
(16,10,20);(2,2,4)
(16,12,0);(2,2,4)
(16,12,4);(2,2,4)
(16,12,8);(2,2,4)
(16,12,12);(2,2,4)
(16,12,16);(2,2,4)
(16,12,20);(2,2,4)
(18,0,0);(2,2,4)
(18,0,4);(2,2,4)
(18,0,8);(2,2,4)
(18,0,12);(2,2,4)
(18,0,16);(2,2,4)
(18,0,20);(2,2,4)
(18,2,0);(2,2,4)
(18,2,4);(2,2,4)
(18,2,8);(2,2,4)
(18,2,12);(2,2,4)
(18,2,16);(2,2,4)
(18,2,20);(2,2,4)
(18,4,0);(2,2,4)
(18,4,4);(2,2,4)
(18,4,8);(2,2,4)
(18,4,12);(2,2,4)
(18,4,16);(2,2,4)
(18,4,20);(2,2,4)
(18,6,0);(2,2,4)
(18,6,4);(2,2,4)
(18,6,8);(2,2,4)
(18,6,12);(2,2,4)
(18,6,16);(2,2,4)
(18,6,20);(2,2,4)
(18,8,0);(2,2,4)
(18,8,4);(2,2,4)
(18,8,8);(2,2,4)
(18,8,12);(2,2,4)
(18,8,16);(2,2,4)
(18,8,20);(2,2,4)
(18,10,0);(2,2,4)
(18,10,4);(2,2,4)
(18,10,8);(2,2,4)
(18,10,12);(2,2,4)
(18,10,16);(2,2,4)
(18,10,20);(2,2,4)
(18,12,0);(2,2,4)
(18,12,4);(2,2,4)
(18,12,8);(2,2,4)
(18,12,12);(2,2,4)
(18,12,16);(2,2,4)
(18,12,20);(2,2,4)
(20,0,0);(2,2,4)
(20,0,4);(2,2,4)
(20,0,8);(2,2,4)
(20,0,12);(2,2,4)
(20,0,16);(2,2,4)
(20,0,20);(2,2,4)
(20,2,0);(2,2,4)
(20,2,4);(2,2,4)
(20,2,8);(2,2,4)
(20,2,12);(2,2,4)
(20,2,16);(2,2,4)
(20,2,20);(2,2,4)
(20,4,0);(2,2,4)
(20,4,4);(2,2,4)
(20,4,8);(2,2,4)
(20,4,12);(2,2,4)
(20,4,16);(2,2,4)
(20,4,20);(2,2,4)
(20,6,0);(2,2,4)
(20,6,4);(2,2,4)
(20,6,8);(2,2,4)
(20,6,12);(2,2,4)
(20,6,16);(2,2,4)
(20,6,20);(2,2,4)
(20,8,0);(2,2,4)
(20,8,4);(2,2,4)
(20,8,8);(2,2,4)
(20,8,12);(2,2,4)
(20,8,16);(2,2,4)
(20,8,20);(2,2,4)
(20,10,0);(2,2,4)
(20,10,4);(2,2,4)
(20,10,8);(2,2,4)
(20,10,12);(2,2,4)
(20,10,16);(2,2,4)
(20,10,20);(2,2,4)
(20,12,0);(2,2,4)
(20,12,4);(2,2,4)
(20,12,8);(2,2,4)
(20,12,12);(2,2,4)
(20,12,16);(2,2,4)
(20,12,20);(2,2,4)
(22,0,0);(2,2,4)
(22,0,4);(2,2,4)
(22,0,8);(2,2,4)
(22,0,12);(2,2,4)
(22,0,16);(2,2,4)
(22,0,20);(2,2,4)
(22,2,0);(2,2,4)
(22,2,4);(2,2,4)
(22,2,8);(2,2,4)
(22,2,12);(2,2,4)
(22,2,16);(2,2,4)
(22,2,20);(2,2,4)
(22,4,0);(2,2,4)
(22,4,4);(2,2,4)
(22,4,8);(2,2,4)
(22,4,12);(2,2,4)
(22,4,16);(2,2,4)
(22,4,20);(2,2,4)
(22,6,0);(2,2,4)
(22,6,4);(2,2,4)
(22,6,8);(2,2,4)
(22,6,12);(2,2,4)
(22,6,16);(2,2,4)
(22,6,20);(2,2,4)
(22,8,0);(2,2,4)
(22,8,4);(2,2,4)
(22,8,8);(2,2,4)
(22,8,12);(2,2,4)
(22,8,16);(2,2,4)
(22,8,20);(2,2,4)
(22,10,0);(2,2,4)
(22,10,4);(2,2,4)
(22,10,8);(2,2,4)
(22,10,12);(2,2,4)
(22,10,16);(2,2,4)
(22,10,20);(2,2,4)
(22,12,0);(2,2,4)
(22,12,4);(2,2,4)
(22,12,8);(2,2,4)
(22,12,12);(2,2,4)
(22,12,16);(2,2,4)
(22,12,20);(2,2,4)
(24,0,0);(2,2,4)
(24,0,4);(2,2,4)
(24,0,8);(2,2,4)
(24,0,12);(2,2,4)
(24,0,16);(2,2,4)
(24,0,20);(2,2,4)
(24,2,0);(2,2,4)
(24,2,4);(2,2,4)
(24,2,8);(2,2,4)
(24,2,12);(2,2,4)
(24,2,16);(2,2,4)
(24,2,20);(2,2,4)
(24,4,0);(2,2,4)
(24,4,4);(2,2,4)
(24,4,8);(2,2,4)
(24,4,12);(2,2,4)
(24,4,16);(2,2,4)
(24,4,20);(2,2,4)
(24,6,0);(2,2,4)
(24,6,4);(2,2,4)
(24,6,8);(2,2,4)
(24,6,12);(2,2,4)
(24,6,16);(2,2,4)
(24,6,20);(2,2,4)
(24,8,0);(2,2,4)
(24,8,4);(2,2,4)
(24,8,8);(2,2,4)
(24,8,12);(2,2,4)
(24,8,16);(2,2,4)
(24,8,20);(2,2,4)
(24,10,0);(2,2,4)
(24,10,4);(2,2,4)
(24,10,8);(2,2,4)
(24,10,12);(2,2,4)
(24,10,16);(2,2,4)
(24,10,20);(2,2,4)
(24,12,0);(2,2,4)
(24,12,4);(2,2,4)
(24,12,8);(2,2,4)
(24,12,12);(2,2,4)
(24,12,16);(2,2,4)
(24,12,20);(2,2,4)
(26,0,0);(2,2,4)
(26,0,4);(2,2,4)
(26,0,8);(2,2,4)
(26,0,12);(2,2,4)
(26,0,16);(2,2,4)
(26,0,20);(2,2,4)
(26,2,0);(2,2,4)
(26,2,4);(2,2,4)
(26,2,8);(2,2,4)
(26,2,12);(2,2,4)
(26,2,16);(2,2,4)
(26,2,20);(2,2,4)
(26,4,0);(2,2,4)
(26,4,4);(2,2,4)
(26,4,8);(2,2,4)
(26,4,12);(2,2,4)
(26,4,16);(2,2,4)
(26,4,20);(2,2,4)
(26,6,0);(2,2,4)
(26,6,4);(2,2,4)
(26,6,8);(2,2,4)
(26,6,12);(2,2,4)
(26,6,16);(2,2,4)
(26,6,20);(2,2,4)
(26,8,0);(2,2,4)
(26,8,4);(2,2,4)
(26,8,8);(2,2,4)
(26,8,12);(2,2,4)
(26,8,16);(2,2,4)
(26,8,20);(2,2,4)
(26,10,0);(2,2,4)
(26,10,4);(2,2,4)
(26,10,8);(2,2,4)
(26,10,12);(2,2,4)
(26,10,16);(2,2,4)
(26,10,20);(2,2,4)
(26,12,0);(2,2,4)
(26,12,4);(2,2,4)
(26,12,8);(2,2,4)
(26,12,12);(2,2,4)
(26,12,16);(2,2,4)
(26,12,20);(2,2,4)
(28,0,0);(2,2,4)
(28,0,4);(2,2,4)
(28,0,8);(2,2,4)
(28,0,12);(2,2,4)
(28,0,16);(2,2,4)
(28,0,20);(2,2,4)
(28,2,0);(2,2,4)
(28,2,4);(2,2,4)
(28,2,8);(2,2,4)
(28,2,12);(2,2,4)
(28,2,16);(2,2,4)
(28,2,20);(2,2,4)
(28,4,0);(2,2,4)
(28,4,4);(2,2,4)
(28,4,8);(2,2,4)
(28,4,12);(2,2,4)
(28,4,16);(2,2,4)
(28,4,20);(2,2,4)
(28,6,0);(2,2,4)
(28,6,4);(2,2,4)
(28,6,8);(2,2,4)
(28,6,12);(2,2,4)
(28,6,16);(2,2,4)
(28,6,20);(2,2,4)
(28,8,0);(2,2,4)
(28,8,4);(2,2,4)
(28,8,8);(2,2,4)
(28,8,12);(2,2,4)
(28,8,16);(2,2,4)
(28,8,20);(2,2,4)
(28,10,0);(2,2,4)
(28,10,4);(2,2,4)
(28,10,8);(2,2,4)
(28,10,12);(2,2,4)
(28,10,16);(2,2,4)
(28,10,20);(2,2,4)
(28,12,0);(2,2,4)
(28,12,4);(2,2,4)
(28,12,8);(2,2,4)
(28,12,12);(2,2,4)
(28,12,16);(2,2,4)
(28,12,20);(2,2,4)
(30,0,0);(2,2,4)
(30,0,4);(2,2,4)
(30,0,8);(2,2,4)
(30,0,12);(2,2,4)
(30,0,16);(2,2,4)
(30,0,20);(2,2,4)
(30,2,0);(2,2,4)
(30,2,4);(2,2,4)
(30,2,8);(2,2,4)
(30,2,12);(2,2,4)
(30,2,16);(2,2,4)
(30,2,20);(2,2,4)
(30,4,0);(2,2,4)
(30,4,4);(2,2,4)
(30,4,8);(2,2,4)
(30,4,12);(2,2,4)
(30,4,16);(2,2,4)
(30,4,20);(2,2,4)
(30,6,0);(2,2,4)
(30,6,4);(2,2,4)
(30,6,8);(2,2,4)
(30,6,12);(2,2,4)
(30,6,16);(2,2,4)
(30,6,20);(2,2,4)
(30,8,0);(2,2,4)
(30,8,4);(2,2,4)
(30,8,8);(2,2,4)
(30,8,12);(2,2,4)
(30,8,16);(2,2,4)
(30,8,20);(2,2,4)
(30,10,0);(2,2,4)
(30,10,4);(2,2,4)
(30,10,8);(2,2,4)
(30,10,12);(2,2,4)
(30,10,16);(2,2,4)
(30,10,20);(2,2,4)
(30,12,0);(2,2,4)
(30,12,4);(2,2,4)
(30,12,8);(2,2,4)
(30,12,12);(2,2,4)
(30,12,16);(2,2,4)
(30,12,20);(2,2,4)
(32,0,0);(2,2,4)
(32,0,4);(2,2,4)
(32,0,8);(2,2,4)
(32,0,12);(2,2,4)
(32,0,16);(2,2,4)
(32,0,20);(2,2,4)
(32,2,0);(2,2,4)
(32,2,4);(2,2,4)
(32,2,8);(2,2,4)
(32,2,12);(2,2,4)
(32,2,16);(2,2,4)
(32,2,20);(2,2,4)
(32,4,0);(2,2,4)
(32,4,4);(2,2,4)
(32,4,8);(2,2,4)
(32,4,12);(2,2,4)
(32,4,16);(2,2,4)
(32,4,20);(2,2,4)
(32,6,0);(2,2,4)
(32,6,4);(2,2,4)
(32,6,8);(2,2,4)
(32,6,12);(2,2,4)
(32,6,16);(2,2,4)
(32,6,20);(2,2,4)
(32,8,0);(2,2,4)
(32,8,4);(2,2,4)
(32,8,8);(2,2,4)
(32,8,12);(2,2,4)
(32,8,16);(2,2,4)
(32,8,20);(2,2,4)
(32,10,0);(2,2,4)
(32,10,4);(2,2,4)
(32,10,8);(2,2,4)
(32,10,12);(2,2,4)
(32,10,16);(2,2,4)
(32,10,20);(2,2,4)
(32,12,0);(2,2,4)
(32,12,4);(2,2,4)
(32,12,8);(2,2,4)
(32,12,12);(2,2,4)
(32,12,16);(2,2,4)
(32,12,20);(2,2,4)
(34,0,0);(2,2,4)
(34,0,4);(2,2,4)
(34,0,8);(2,2,4)
(34,0,12);(2,2,4)
(34,0,16);(2,2,4)
(34,0,20);(2,2,4)
(34,2,0);(2,2,4)
(34,2,4);(2,2,4)
(34,2,8);(2,2,4)
(34,2,12);(2,2,4)
(34,2,16);(2,2,4)
(34,2,20);(2,2,4)
(34,4,0);(2,2,4)
(34,4,4);(2,2,4)
(34,4,8);(2,2,4)
(34,4,12);(2,2,4)
(34,4,16);(2,2,4)
(34,4,20);(2,2,4)
(34,6,0);(2,2,4)
(34,6,4);(2,2,4)
(34,6,8);(2,2,4)
(34,6,12);(2,2,4)
(34,6,16);(2,2,4)
(34,6,20);(2,2,4)
(34,8,0);(2,2,4)
(34,8,4);(2,2,4)
(34,8,8);(2,2,4)
(34,8,12);(2,2,4)
(34,8,16);(2,2,4)
(34,8,20);(2,2,4)
(34,10,0);(2,2,4)
(34,10,4);(2,2,4)
(34,10,8);(2,2,4)
(34,10,12);(2,2,4)
(34,10,16);(2,2,4)
(34,10,20);(2,2,4)
(34,12,0);(2,2,4)
(34,12,4);(2,2,4)
(34,12,8);(2,2,4)
(34,12,12);(2,2,4)
(34,12,16);(2,2,4)
(34,12,20);(2,2,4)
(36,0,0);(2,2,4)
(36,0,4);(2,2,4)
(36,0,8);(2,2,4)
(36,0,12);(2,2,4)
(36,0,16);(2,2,4)
(36,0,20);(2,2,4)
(36,2,0);(2,2,4)
(36,2,4);(2,2,4)
(36,2,8);(2,2,4)
(36,2,12);(2,2,4)
(36,2,16);(2,2,4)
(36,2,20);(2,2,4)
(36,4,0);(2,2,4)
(36,4,4);(2,2,4)
(36,4,8);(2,2,4)
(36,4,12);(2,2,4)
(36,4,16);(2,2,4)
(36,4,20);(2,2,4)
(36,6,0);(2,2,4)
(36,6,4);(2,2,4)
(36,6,8);(2,2,4)
(36,6,12);(2,2,4)
(36,6,16);(2,2,4)
(36,6,20);(2,2,4)
(36,8,0);(2,2,4)
(36,8,4);(2,2,4)
(36,8,8);(2,2,4)
(36,8,12);(2,2,4)
(36,8,16);(2,2,4)
(36,8,20);(2,2,4)
(36,10,0);(2,2,4)
(36,10,4);(2,2,4)
(36,10,8);(2,2,4)
(36,10,12);(2,2,4)
(36,10,16);(2,2,4)
(36,10,20);(2,2,4)
(36,12,0);(2,2,4)
(36,12,4);(2,2,4)
(36,12,8);(2,2,4)
(36,12,12);(2,2,4)
(36,12,16);(2,2,4)
(36,12,20);(2,2,4)
(38,0,0);(2,2,4)
(38,0,4);(2,2,4)
(38,0,8);(2,2,4)
(38,0,12);(2,2,4)
(38,0,16);(2,2,4)
(38,0,20);(2,2,4)
(38,2,0);(2,2,4)
(38,2,4);(2,2,4)
(38,2,8);(2,2,4)
(38,2,12);(2,2,4)
(38,2,16);(2,2,4)
(38,2,20);(2,2,4)
(38,4,0);(2,2,4)
(38,4,4);(2,2,4)
(38,4,8);(2,2,4)
(38,4,12);(2,2,4)
(38,4,16);(2,2,4)
(38,4,20);(2,2,4)
(38,6,0);(2,2,4)
(38,6,4);(2,2,4)
(38,6,8);(2,2,4)
(38,6,12);(2,2,4)
(38,6,16);(2,2,4)
(38,6,20);(2,2,4)
(38,8,0);(2,2,4)
(38,8,4);(2,2,4)
(38,8,8);(2,2,4)
(38,8,12);(2,2,4)
(38,8,16);(2,2,4)
(38,8,20);(2,2,4)
(38,10,0);(2,2,4)
(38,10,4);(2,2,4)
(38,10,8);(2,2,4)
(38,10,12);(2,2,4)
(38,10,16);(2,2,4)
(38,10,20);(2,2,4)
(38,12,0);(2,2,4)
(38,12,4);(2,2,4)
(38,12,8);(2,2,4)
(38,12,12);(2,2,4)
(38,12,16);(2,2,4)
(38,12,20);(2,2,4)
(40,0,0);(2,2,4)
(40,0,4);(2,2,4)
(40,0,8);(2,2,4)
(40,0,12);(2,2,4)
(40,0,16);(2,2,4)
(40,0,20);(2,2,4)
(40,2,0);(2,2,4)
(40,2,4);(2,2,4)
(40,2,8);(2,2,4)
(40,2,12);(2,2,4)
(40,2,16);(2,2,4)
(40,2,20);(2,2,4)
(40,4,0);(2,2,4)
(40,4,4);(2,2,4)
(40,4,8);(2,2,4)
(40,4,12);(2,2,4)
(40,4,16);(2,2,4)
(40,4,20);(2,2,4)
(40,6,0);(2,2,4)
(40,6,4);(2,2,4)
(40,6,8);(2,2,4)
(40,6,12);(2,2,4)
(40,6,16);(2,2,4)
(40,6,20);(2,2,4)
(40,8,0);(2,2,4)
(40,8,4);(2,2,4)
(40,8,8);(2,2,4)
(40,8,12);(2,2,4)
(40,8,16);(2,2,4)
(40,8,20);(2,2,4)
(40,10,0);(2,2,4)
(40,10,4);(2,2,4)
(40,10,8);(2,2,4)
(40,10,12);(2,2,4)
(40,10,16);(2,2,4)
(40,10,20);(2,2,4)
(40,12,0);(2,2,4)
(40,12,4);(2,2,4)
(40,12,8);(2,2,4)
(40,12,12);(2,2,4)
(40,12,16);(2,2,4)
(40,12,20);(2,2,4)
(42,0,0);(2,2,4)
(42,0,4);(2,2,4)
(42,0,8);(2,2,4)
(42,0,12);(2,2,4)
(42,0,16);(2,2,4)
(42,0,20);(2,2,4)
(42,2,0);(2,2,4)
(42,2,4);(2,2,4)
(42,2,8);(2,2,4)
(42,2,12);(2,2,4)
(42,2,16);(2,2,4)
(42,2,20);(2,2,4)
(42,4,0);(2,2,4)
(42,4,4);(2,2,4)
(42,4,8);(2,2,4)
(42,4,12);(2,2,4)
(42,4,16);(2,2,4)
(42,4,20);(2,2,4)
(42,6,0);(2,2,4)
(42,6,4);(2,2,4)
(42,6,8);(2,2,4)
(42,6,12);(2,2,4)
(42,6,16);(2,2,4)
(42,6,20);(2,2,4)
(42,8,0);(2,2,4)
(42,8,4);(2,2,4)
(42,8,8);(2,2,4)
(42,8,12);(2,2,4)
(42,8,16);(2,2,4)
(42,8,20);(2,2,4)
(42,10,0);(2,2,4)
(42,10,4);(2,2,4)
(42,10,8);(2,2,4)
(42,10,12);(2,2,4)
(42,10,16);(2,2,4)
(42,10,20);(2,2,4)
(42,12,0);(2,2,4)
(42,12,4);(2,2,4)
(42,12,8);(2,2,4)
(42,12,12);(2,2,4)
(42,12,16);(2,2,4)
(42,12,20);(2,2,4)
(44,0,0);(2,2,4)
(44,0,4);(2,2,4)
(44,0,8);(2,2,4)
(44,0,12);(2,2,4)
(44,0,16);(2,2,4)
(44,0,20);(2,2,4)
(44,2,0);(2,2,4)
(44,2,4);(2,2,4)
(44,2,8);(2,2,4)
(44,2,12);(2,2,4)
(44,2,16);(2,2,4)
(44,2,20);(2,2,4)
(44,4,0);(2,2,4)
(44,4,4);(2,2,4)
(44,4,8);(2,2,4)
(44,4,12);(2,2,4)
(44,4,16);(2,2,4)
(44,4,20);(2,2,4)
(44,6,0);(2,2,4)
(44,6,4);(2,2,4)
(44,6,8);(2,2,4)
(44,6,12);(2,2,4)
(44,6,16);(2,2,4)
(44,6,20);(2,2,4)
(44,8,0);(2,2,4)
(44,8,4);(2,2,4)
(44,8,8);(2,2,4)
(44,8,12);(2,2,4)
(44,8,16);(2,2,4)
(44,8,20);(2,2,4)
(44,10,0);(2,2,4)
(44,10,4);(2,2,4)
(44,10,8);(2,2,4)
(44,10,12);(2,2,4)
(44,10,16);(2,2,4)
(44,10,20);(2,2,4)
(44,12,0);(2,2,4)
(44,12,4);(2,2,4)
(44,12,8);(2,2,4)
(44,12,12);(2,2,4)
(44,12,16);(2,2,4)
(44,12,20);(2,2,4)
(46,0,0);(2,2,4)
(46,0,4);(2,2,4)
(46,0,8);(2,2,4)
(46,0,12);(2,2,4)
(46,0,16);(2,2,4)
(46,0,20);(2,2,4)
(46,2,0);(2,2,4)
(46,2,4);(2,2,4)
(46,2,8);(2,2,4)
(46,2,12);(2,2,4)
(46,2,16);(2,2,4)
(46,2,20);(2,2,4)
(46,4,0);(2,2,4)
(46,4,4);(2,2,4)
(46,4,8);(2,2,4)
(46,4,12);(2,2,4)
(46,4,16);(2,2,4)
(46,4,20);(2,2,4)
(46,6,0);(2,2,4)
(46,6,4);(2,2,4)
(46,6,8);(2,2,4)
(46,6,12);(2,2,4)
(46,6,16);(2,2,4)
(46,6,20);(2,2,4)
(46,8,0);(2,2,4)
(46,8,4);(2,2,4)
(46,8,8);(2,2,4)
(46,8,12);(2,2,4)
(46,8,16);(2,2,4)
(46,8,20);(2,2,4)
(46,10,0);(2,2,4)
(46,10,4);(2,2,4)
(46,10,8);(2,2,4)
(46,10,12);(2,2,4)
(46,10,16);(2,2,4)
(46,10,20);(2,2,4)
(46,12,0);(2,2,4)
(46,12,4);(2,2,4)
(46,12,8);(2,2,4)
(46,12,12);(2,2,4)
(46,12,16);(2,2,4)
(46,12,20);(2,2,4)
(48,0,0);(2,2,4)
(48,0,4);(2,2,4)
(48,0,8);(2,2,4)
(48,0,12);(2,2,4)
(48,0,16);(2,2,4)
(48,0,20);(2,2,4)
(48,2,0);(2,2,4)
(48,2,4);(2,2,4)
(48,2,8);(2,2,4)
(48,2,12);(2,2,4)
(48,2,16);(2,2,4)
(48,2,20);(2,2,4)
(48,4,0);(2,2,4)
(48,4,4);(2,2,4)
(48,4,8);(2,2,4)
(48,4,12);(2,2,4)
(48,4,16);(2,2,4)
(48,4,20);(2,2,4)
(48,6,0);(2,2,4)
(48,6,4);(2,2,4)
(48,6,8);(2,2,4)
(48,6,12);(2,2,4)
(48,6,16);(2,2,4)
(48,6,20);(2,2,4)
(48,8,0);(2,2,4)
(48,8,4);(2,2,4)
(48,8,8);(2,2,4)
(48,8,12);(2,2,4)
(48,8,16);(2,2,4)
(48,8,20);(2,2,4)
(48,10,0);(2,2,4)
(48,10,4);(2,2,4)
(48,10,8);(2,2,4)
(48,10,12);(2,2,4)
(48,10,16);(2,2,4)
(48,10,20);(2,2,4)
(48,12,0);(2,2,4)
(48,12,4);(2,2,4)
(48,12,8);(2,2,4)
(48,12,12);(2,2,4)
(48,12,16);(2,2,4)
(48,12,20);(2,2,4)
(50,0,0);(2,2,4)
(50,0,4);(2,2,4)
(50,0,8);(2,2,4)
(50,0,12);(2,2,4)
(50,0,16);(2,2,4)
(50,0,20);(2,2,4)
(50,2,0);(2,2,4)
(50,2,4);(2,2,4)
(50,2,8);(2,2,4)
(50,2,12);(2,2,4)
(50,2,16);(2,2,4)
(50,2,20);(2,2,4)
(50,4,0);(2,2,4)
(50,4,4);(2,2,4)
(50,4,8);(2,2,4)
(50,4,12);(2,2,4)
(50,4,16);(2,2,4)
(50,4,20);(2,2,4)
(50,6,0);(2,2,4)
(50,6,4);(2,2,4)
(50,6,8);(2,2,4)
(50,6,12);(2,2,4)
(50,6,16);(2,2,4)
(50,6,20);(2,2,4)
(50,8,0);(2,2,4)
(50,8,4);(2,2,4)
(50,8,8);(2,2,4)
(50,8,12);(2,2,4)
(50,8,16);(2,2,4)
(50,8,20);(2,2,4)
(50,10,0);(2,2,4)
(50,10,4);(2,2,4)
(50,10,8);(2,2,4)
(50,10,12);(2,2,4)
(50,10,16);(2,2,4)
(50,10,20);(2,2,4)
(50,12,0);(2,2,4)
(50,12,4);(2,2,4)
(50,12,8);(2,2,4)
(50,12,12);(2,2,4)
(50,12,16);(2,2,4)
(50,12,20);(2,2,4)
(52,0,0);(2,2,4)
(52,0,4);(2,2,4)
(52,0,8);(2,2,4)
(52,0,12);(2,2,4)
(52,0,16);(2,2,4)
(52,0,20);(2,2,4)
(52,2,0);(2,2,4)
(52,2,4);(2,2,4)
(52,2,8);(2,2,4)
(52,2,12);(2,2,4)
(52,2,16);(2,2,4)
(52,2,20);(2,2,4)
(52,4,0);(2,2,4)
(52,4,4);(2,2,4)
(52,4,8);(2,2,4)
(52,4,12);(2,2,4)
(52,4,16);(2,2,4)
(52,4,20);(2,2,4)
(52,6,0);(2,2,4)
(52,6,4);(2,2,4)
(52,6,8);(2,2,4)
(52,6,12);(2,2,4)
(52,6,16);(2,2,4)
(52,6,20);(2,2,4)
(52,8,0);(2,2,4)
(52,8,4);(2,2,4)
(52,8,8);(2,2,4)
(52,8,12);(2,2,4)
(52,8,16);(2,2,4)
(52,8,20);(2,2,4)
(52,10,0);(2,2,4)
(52,10,4);(2,2,4)
(52,10,8);(2,2,4)
(52,10,12);(2,2,4)
(52,10,16);(2,2,4)
(52,10,20);(2,2,4)
(52,12,0);(2,2,4)
(52,12,4);(2,2,4)
(52,12,8);(2,2,4)
(52,12,12);(2,2,4)
(52,12,16);(2,2,4)
(52,12,20);(2,2,4)
(54,0,0);(2,2,4)
(54,0,4);(2,2,4)
(54,0,8);(2,2,4)
(54,0,12);(2,2,4)
(54,0,16);(2,2,4)
(54,0,20);(2,2,4)
(54,2,0);(2,2,4)
(54,2,4);(2,2,4)
(54,2,8);(2,2,4)
(54,2,12);(2,2,4)
(54,2,16);(2,2,4)
(54,2,20);(2,2,4)
(54,4,0);(2,2,4)
(54,4,4);(2,2,4)
(54,4,8);(2,2,4)
(54,4,12);(2,2,4)
(54,4,16);(2,2,4)
(54,4,20);(2,2,4)
(54,6,0);(2,2,4)
(54,6,4);(2,2,4)
(54,6,8);(2,2,4)
(54,6,12);(2,2,4)
(54,6,16);(2,2,4)
(54,6,20);(2,2,4)
(54,8,0);(2,2,4)
(54,8,4);(2,2,4)
(54,8,8);(2,2,4)
(54,8,12);(2,2,4)
(54,8,16);(2,2,4)
(54,8,20);(2,2,4)
(54,10,0);(2,2,4)
(54,10,4);(2,2,4)
(54,10,8);(2,2,4)
(54,10,12);(2,2,4)
(54,10,16);(2,2,4)
(54,10,20);(2,2,4)
(54,12,0);(2,2,4)
(54,12,4);(2,2,4)
(54,12,8);(2,2,4)
(54,12,12);(2,2,4)
(54,12,16);(2,2,4)
(54,12,20);(2,2,4)
(56,0,0);(2,2,4)
(56,0,4);(2,2,4)
(56,0,8);(2,2,4)
(56,0,12);(2,2,4)
(56,0,16);(2,2,4)
(56,0,20);(2,2,4)
(56,2,0);(2,2,4)
(56,2,4);(2,2,4)
(56,2,8);(2,2,4)
(56,2,12);(2,2,4)
(56,2,16);(2,2,4)
(56,2,20);(2,2,4)
(56,4,0);(2,2,4)
(56,4,4);(2,2,4)
(56,4,8);(2,2,4)
(56,4,12);(2,2,4)
(56,4,16);(2,2,4)
(56,4,20);(2,2,4)
(56,6,0);(2,2,4)
(56,6,4);(2,2,4)
(56,6,8);(2,2,4)
(56,6,12);(2,2,4)
(56,6,16);(2,2,4)
(56,6,20);(2,2,4)
(56,8,0);(2,2,4)
(56,8,4);(2,2,4)
(56,8,8);(2,2,4)
(56,8,12);(2,2,4)
(56,8,16);(2,2,4)
(56,8,20);(2,2,4)
(56,10,0);(2,2,4)
(56,10,4);(2,2,4)
(56,10,8);(2,2,4)
(56,10,12);(2,2,4)
(56,10,16);(2,2,4)
(56,10,20);(2,2,4)
(56,12,0);(2,2,4)
(56,12,4);(2,2,4)
(56,12,8);(2,2,4)
(56,12,12);(2,2,4)
(56,12,16);(2,2,4)
(56,12,20);(2,2,4)
(58,0,0);(2,2,4)
(58,0,4);(2,2,4)
(58,0,8);(2,2,4)
(58,0,12);(2,2,4)
(58,0,16);(2,2,4)
(58,0,20);(2,2,4)
(58,2,0);(2,2,4)
(58,2,4);(2,2,4)
(58,2,8);(2,2,4)
(58,2,12);(2,2,4)
(58,2,16);(2,2,4)
(58,2,20);(2,2,4)
(58,4,0);(2,2,4)
(58,4,4);(2,2,4)
(58,4,8);(2,2,4)
(58,4,12);(2,2,4)
(58,4,16);(2,2,4)
(58,4,20);(2,2,4)
(58,6,0);(2,2,4)
(58,6,4);(2,2,4)
(58,6,8);(2,2,4)
(58,6,12);(2,2,4)
(58,6,16);(2,2,4)
(58,6,20);(2,2,4)
(58,8,0);(2,2,4)
(58,8,4);(2,2,4)
(58,8,8);(2,2,4)
(58,8,12);(2,2,4)
(58,8,16);(2,2,4)
(58,8,20);(2,2,4)
(58,10,0);(2,2,4)
(58,10,4);(2,2,4)
(58,10,8);(2,2,4)
(58,10,12);(2,2,4)
(58,10,16);(2,2,4)
(58,10,20);(2,2,4)
(58,12,0);(2,2,4)
(58,12,4);(2,2,4)
(58,12,8);(2,2,4)
(58,12,12);(2,2,4)
(58,12,16);(2,2,4)
(58,12,20);(2,2,4)
(60,0,0);(2,2,4)
(60,0,4);(2,2,4)
(60,0,8);(2,2,4)
(60,0,12);(2,2,4)
(60,0,16);(2,2,4)
(60,0,20);(2,2,4)
(60,2,0);(2,2,4)
(60,2,4);(2,2,4)
(60,2,8);(2,2,4)
(60,2,12);(2,2,4)
(60,2,16);(2,2,4)
(60,2,20);(2,2,4)
(60,4,0);(2,2,4)
(60,4,4);(2,2,4)
(60,4,8);(2,2,4)
(60,4,12);(2,2,4)
(60,4,16);(2,2,4)
(60,4,20);(2,2,4)
(60,6,0);(2,2,4)
(60,6,4);(2,2,4)
(60,6,8);(2,2,4)
(60,6,12);(2,2,4)
(60,6,16);(2,2,4)
(60,6,20);(2,2,4)
(60,8,0);(2,2,4)
(60,8,4);(2,2,4)
(60,8,8);(2,2,4)
(60,8,12);(2,2,4)
(60,8,16);(2,2,4)
(60,8,20);(2,2,4)
(60,10,0);(2,2,4)
(60,10,4);(2,2,4)
(60,10,8);(2,2,4)
(60,10,12);(2,2,4)
(60,10,16);(2,2,4)
(60,10,20);(2,2,4)
(60,12,0);(2,2,4)
(60,12,4);(2,2,4)
(60,12,8);(2,2,4)
(60,12,12);(2,2,4)
(60,12,16);(2,2,4)
(60,12,20);(2,2,4)
(62,0,0);(2,2,4)
(62,0,4);(2,2,4)
(62,0,8);(2,2,4)
(62,0,12);(2,2,4)
(62,0,16);(2,2,4)
(62,0,20);(2,2,4)
(62,2,0);(2,2,4)
(62,2,4);(2,2,4)
(62,2,8);(2,2,4)
(62,2,12);(2,2,4)
(62,2,16);(2,2,4)
(62,2,20);(2,2,4)
(62,4,0);(2,2,4)
(62,4,4);(2,2,4)
(62,4,8);(2,2,4)
(62,4,12);(2,2,4)
(62,4,16);(2,2,4)
(62,4,20);(2,2,4)
(62,6,0);(2,2,4)
(62,6,4);(2,2,4)
(62,6,8);(2,2,4)
(62,6,12);(2,2,4)
(62,6,16);(2,2,4)
(62,6,20);(2,2,4)
(62,8,0);(2,2,4)
(62,8,4);(2,2,4)
(62,8,8);(2,2,4)
(62,8,12);(2,2,4)
(62,8,16);(2,2,4)
(62,8,20);(2,2,4)
(62,10,0);(2,2,4)
(62,10,4);(2,2,4)
(62,10,8);(2,2,4)
(62,10,12);(2,2,4)
(62,10,16);(2,2,4)
(62,10,20);(2,2,4)
(62,12,0);(2,2,4)
(62,12,4);(2,2,4)
(62,12,8);(2,2,4)
(62,12,12);(2,2,4)
(62,12,16);(2,2,4)
(62,12,20);(2,2,4)
(64,0,0);(2,2,4)
(64,0,4);(2,2,4)
(64,0,8);(2,2,4)
(64,0,12);(2,2,4)
(64,0,16);(2,2,4)
(64,0,20);(2,2,4)
(64,2,0);(2,2,4)
(64,2,4);(2,2,4)
(64,2,8);(2,2,4)
(64,2,12);(2,2,4)
(64,2,16);(2,2,4)
(64,2,20);(2,2,4)
(64,4,0);(2,2,4)
(64,4,4);(2,2,4)
(64,4,8);(2,2,4)
(64,4,12);(2,2,4)
(64,4,16);(2,2,4)
(64,4,20);(2,2,4)
(64,6,0);(2,2,4)
(64,6,4);(2,2,4)
(64,6,8);(2,2,4)
(64,6,12);(2,2,4)
(64,6,16);(2,2,4)
(64,6,20);(2,2,4)
(64,8,0);(2,2,4)
(64,8,4);(2,2,4)
(64,8,8);(2,2,4)
(64,8,12);(2,2,4)
(64,8,16);(2,2,4)
(64,8,20);(2,2,4)
(64,10,0);(2,2,4)
(64,10,4);(2,2,4)
(64,10,8);(2,2,4)
(64,10,12);(2,2,4)
(64,10,16);(2,2,4)
(64,10,20);(2,2,4)
(64,12,0);(2,2,4)
(64,12,4);(2,2,4)
(64,12,8);(2,2,4)
(64,12,12);(2,2,4)
(64,12,16);(2,2,4)
(64,12,20);(2,2,4)
(66,0,0);(2,2,4)
(66,0,4);(2,2,4)
(66,0,8);(2,2,4)
(66,0,12);(2,2,4)
(66,0,16);(2,2,4)
(66,0,20);(2,2,4)
(66,2,0);(2,2,4)
(66,2,4);(2,2,4)
(66,2,8);(2,2,4)
(66,2,12);(2,2,4)
(66,2,16);(2,2,4)
(66,2,20);(2,2,4)
(66,4,0);(2,2,4)
(66,4,4);(2,2,4)
(66,4,8);(2,2,4)
(66,4,12);(2,2,4)
(66,4,16);(2,2,4)
(66,4,20);(2,2,4)
(66,6,0);(2,2,4)
(66,6,4);(2,2,4)
(66,6,8);(2,2,4)
(66,6,12);(2,2,4)
(66,6,16);(2,2,4)
(66,6,20);(2,2,4)
(66,8,0);(2,2,4)
(66,8,4);(2,2,4)
(66,8,8);(2,2,4)
(66,8,12);(2,2,4)
(66,8,16);(2,2,4)
(66,8,20);(2,2,4)
(66,10,0);(2,2,4)
(66,10,4);(2,2,4)
(66,10,8);(2,2,4)
(66,10,12);(2,2,4)
(66,10,16);(2,2,4)
(66,10,20);(2,2,4)
(66,12,0);(2,2,4)
(66,12,4);(2,2,4)
(66,12,8);(2,2,4)
(66,12,12);(2,2,4)
(66,12,16);(2,2,4)
(66,12,20);(2,2,4)
(68,0,0);(2,2,4)
(68,0,4);(2,2,4)
(68,0,8);(2,2,4)
(68,0,12);(2,2,4)
(68,0,16);(2,2,4)
(68,0,20);(2,2,4)
(68,2,0);(2,2,4)
(68,2,4);(2,2,4)
(68,2,8);(2,2,4)
(68,2,12);(2,2,4)
(68,2,16);(2,2,4)
(68,2,20);(2,2,4)
(68,4,0);(2,2,4)
(68,4,4);(2,2,4)
(68,4,8);(2,2,4)
(68,4,12);(2,2,4)
(68,4,16);(2,2,4)
(68,4,20);(2,2,4)
(68,6,0);(2,2,4)
(68,6,4);(2,2,4)
(68,6,8);(2,2,4)
(68,6,12);(2,2,4)
(68,6,16);(2,2,4)
(68,6,20);(2,2,4)
(68,8,0);(2,2,4)
(68,8,4);(2,2,4)
(68,8,8);(2,2,4)
(68,8,12);(2,2,4)
(68,8,16);(2,2,4)
(68,8,20);(2,2,4)
(68,10,0);(2,2,4)
(68,10,4);(2,2,4)
(68,10,8);(2,2,4)
(68,10,12);(2,2,4)
(68,10,16);(2,2,4)
(68,10,20);(2,2,4)
(68,12,0);(2,2,4)
(68,12,4);(2,2,4)
(68,12,8);(2,2,4)
(68,12,12);(2,2,4)
(68,12,16);(2,2,4)
(68,12,20);(2,2,4)
(70,0,0);(2,2,4)
(70,0,4);(2,2,4)
(70,0,8);(2,2,4)
(70,0,12);(2,2,4)
(70,0,16);(2,2,4)
(70,0,20);(2,2,4)
(70,2,0);(2,2,4)
(70,2,4);(2,2,4)
(70,2,8);(2,2,4)
(70,2,12);(2,2,4)
(70,2,16);(2,2,4)
(70,2,20);(2,2,4)
(70,4,0);(2,2,4)
(70,4,4);(2,2,4)
(70,4,8);(2,2,4)
(70,4,12);(2,2,4)
(70,4,16);(2,2,4)
(70,4,20);(2,2,4)
(70,6,0);(2,2,4)
(70,6,4);(2,2,4)
(70,6,8);(2,2,4)
(70,6,12);(2,2,4)
(70,6,16);(2,2,4)
(70,6,20);(2,2,4)
(70,8,0);(2,2,4)
(70,8,4);(2,2,4)
(70,8,8);(2,2,4)
(70,8,12);(2,2,4)
(70,8,16);(2,2,4)
(70,8,20);(2,2,4)
(70,10,0);(2,2,4)
(70,10,4);(2,2,4)
(70,10,8);(2,2,4)
(70,10,12);(2,2,4)
(70,10,16);(2,2,4)
(70,10,20);(2,2,4)
(70,12,0);(2,2,4)
(70,12,4);(2,2,4)
(70,12,8);(2,2,4)
(70,12,12);(2,2,4)
(70,12,16);(2,2,4)
(70,12,20);(2,2,4)
(72,0,0);(2,2,4)
(72,0,4);(2,2,4)
(72,0,8);(2,2,4)
(72,0,12);(2,2,4)
(72,0,16);(2,2,4)
(72,0,20);(2,2,4)
(72,2,0);(2,2,4)
(72,2,4);(2,2,4)
(72,2,8);(2,2,4)
(72,2,12);(2,2,4)
(72,2,16);(2,2,4)
(72,2,20);(2,2,4)
(72,4,0);(2,2,4)
(72,4,4);(2,2,4)
(72,4,8);(2,2,4)
(72,4,12);(2,2,4)
(72,4,16);(2,2,4)
(72,4,20);(2,2,4)
(72,6,0);(2,2,4)
(72,6,4);(2,2,4)
(72,6,8);(2,2,4)
(72,6,12);(2,2,4)
(72,6,16);(2,2,4)
(72,6,20);(2,2,4)
(72,8,0);(2,2,4)
(72,8,4);(2,2,4)
(72,8,8);(2,2,4)
(72,8,12);(2,2,4)
(72,8,16);(2,2,4)
(72,8,20);(2,2,4)
(72,10,0);(2,2,4)
(72,10,4);(2,2,4)
(72,10,8);(2,2,4)
(72,10,12);(2,2,4)
(72,10,16);(2,2,4)
(72,10,20);(2,2,4)
(72,12,0);(2,2,4)
(72,12,4);(2,2,4)
(72,12,8);(2,2,4)
(72,12,12);(2,2,4)
(72,12,16);(2,2,4)
(72,12,20);(2,2,4)
(74,0,0);(2,2,4)
(74,0,4);(2,2,4)
(74,0,8);(2,2,4)
(74,0,12);(2,2,4)
(74,0,16);(2,2,4)
(74,0,20);(2,2,4)
(74,2,0);(2,2,4)
(74,2,4);(2,2,4)
(74,2,8);(2,2,4)
(74,2,12);(2,2,4)
(74,2,16);(2,2,4)
(74,2,20);(2,2,4)
(74,4,0);(2,2,4)
(74,4,4);(2,2,4)
(74,4,8);(2,2,4)
(74,4,12);(2,2,4)
(74,4,16);(2,2,4)
(74,4,20);(2,2,4)
(74,6,0);(2,2,4)
(74,6,4);(2,2,4)
(74,6,8);(2,2,4)
(74,6,12);(2,2,4)
(74,6,16);(2,2,4)
(74,6,20);(2,2,4)
(74,8,0);(2,2,4)
(74,8,4);(2,2,4)
(74,8,8);(2,2,4)
(74,8,12);(2,2,4)
(74,8,16);(2,2,4)
(74,8,20);(2,2,4)
(74,10,0);(2,2,4)
(74,10,4);(2,2,4)
(74,10,8);(2,2,4)
(74,10,12);(2,2,4)
(74,10,16);(2,2,4)
(74,10,20);(2,2,4)
(74,12,0);(2,2,4)
(74,12,4);(2,2,4)
(74,12,8);(2,2,4)
(74,12,12);(2,2,4)
(74,12,16);(2,2,4)
(74,12,20);(2,2,4)
(76,0,0);(2,2,4)
(76,0,4);(2,2,4)
(76,0,8);(2,2,4)
(76,0,12);(2,2,4)
(76,0,16);(2,2,4)
(76,0,20);(2,2,4)
(76,2,0);(2,2,4)
(76,2,4);(2,2,4)
(76,2,8);(2,2,4)
(76,2,12);(2,2,4)
(76,2,16);(2,2,4)
(76,2,20);(2,2,4)
(76,4,0);(2,2,4)
(76,4,4);(2,2,4)
(76,4,8);(2,2,4)
(76,4,12);(2,2,4)
(76,4,16);(2,2,4)
(76,4,20);(2,2,4)
(76,6,0);(2,2,4)
(76,6,4);(2,2,4)
(76,6,8);(2,2,4)
(76,6,12);(2,2,4)
(76,6,16);(2,2,4)
(76,6,20);(2,2,4)
(76,8,0);(2,2,4)
(76,8,4);(2,2,4)
(76,8,8);(2,2,4)
(76,8,12);(2,2,4)
(76,8,16);(2,2,4)
(76,8,20);(2,2,4)
(76,10,0);(2,2,4)
(76,10,4);(2,2,4)
(76,10,8);(2,2,4)
(76,10,12);(2,2,4)
(76,10,16);(2,2,4)
(76,10,20);(2,2,4)
(76,12,0);(2,2,4)
(76,12,4);(2,2,4)
(76,12,8);(2,2,4)
(76,12,12);(2,2,4)
(76,12,16);(2,2,4)
(76,12,20);(2,2,4)
(78,0,0);(2,2,4)
(78,0,4);(2,2,4)
(78,0,8);(2,2,4)
(78,0,12);(2,2,4)
(78,0,16);(2,2,4)
(78,0,20);(2,2,4)
(78,2,0);(2,2,4)
(78,2,4);(2,2,4)
(78,2,8);(2,2,4)
(78,2,12);(2,2,4)
(78,2,16);(2,2,4)
(78,2,20);(2,2,4)
(78,4,0);(2,2,4)
(78,4,4);(2,2,4)
(78,4,8);(2,2,4)
(78,4,12);(2,2,4)
(78,4,16);(2,2,4)
(78,4,20);(2,2,4)
(78,6,0);(2,2,4)
(78,6,4);(2,2,4)
(78,6,8);(2,2,4)
(78,6,12);(2,2,4)
(78,6,16);(2,2,4)
(78,6,20);(2,2,4)
(78,8,0);(2,2,4)
(78,8,4);(2,2,4)
(78,8,8);(2,2,4)
(78,8,12);(2,2,4)
(78,8,16);(2,2,4)
(78,8,20);(2,2,4)
(78,10,0);(2,2,4)
(78,10,4);(2,2,4)
(78,10,8);(2,2,4)
(78,10,12);(2,2,4)
(78,10,16);(2,2,4)
(78,10,20);(2,2,4)
(78,12,0);(2,2,4)
(78,12,4);(2,2,4)
(78,12,8);(2,2,4)
(78,12,12);(2,2,4)
(78,12,16);(2,2,4)
(78,12,20);(2,2,4)
(80,0,0);(2,2,4)
(80,0,4);(2,2,4)
(80,0,8);(2,2,4)
(80,0,12);(2,2,4)
(80,0,16);(2,2,4)
(80,0,20);(2,2,4)
(80,2,0);(2,2,4)
(80,2,4);(2,2,4)
(80,2,8);(2,2,4)
(80,2,12);(2,2,4)
(80,2,16);(2,2,4)
(80,2,20);(2,2,4)
(80,4,0);(2,2,4)
(80,4,4);(2,2,4)
(80,4,8);(2,2,4)
(80,4,12);(2,2,4)
(80,4,16);(2,2,4)
(80,4,20);(2,2,4)
(80,6,0);(2,2,4)
(80,6,4);(2,2,4)
(80,6,8);(2,2,4)
(80,6,12);(2,2,4)
(80,6,16);(2,2,4)
(80,6,20);(2,2,4)
(80,8,0);(2,2,4)
(80,8,4);(2,2,4)
(80,8,8);(2,2,4)
(80,8,12);(2,2,4)
(80,8,16);(2,2,4)
(80,8,20);(2,2,4)
(80,10,0);(2,2,4)
(80,10,4);(2,2,4)
(80,10,8);(2,2,4)
(80,10,12);(2,2,4)
(80,10,16);(2,2,4)
(80,10,20);(2,2,4)
(80,12,0);(2,2,4)
(80,12,4);(2,2,4)
(80,12,8);(2,2,4)
(80,12,12);(2,2,4)
(80,12,16);(2,2,4)
(80,12,20);(2,2,4)
(82,0,0);(2,2,4)
(82,0,4);(2,2,4)
(82,0,8);(2,2,4)
(82,0,12);(2,2,4)
(82,0,16);(2,2,4)
(82,0,20);(2,2,4)
(82,2,0);(2,2,4)
(82,2,4);(2,2,4)
(82,2,8);(2,2,4)
(82,2,12);(2,2,4)
(82,2,16);(2,2,4)
(82,2,20);(2,2,4)
(82,4,0);(2,2,4)
(82,4,4);(2,2,4)
(82,4,8);(2,2,4)
(82,4,12);(2,2,4)
(82,4,16);(2,2,4)
(82,4,20);(2,2,4)
(82,6,0);(2,2,4)
(82,6,4);(2,2,4)
(82,6,8);(2,2,4)
(82,6,12);(2,2,4)
(82,6,16);(2,2,4)
(82,6,20);(2,2,4)
(82,8,0);(2,2,4)
(82,8,4);(2,2,4)
(82,8,8);(2,2,4)
(82,8,12);(2,2,4)
(82,8,16);(2,2,4)
(82,8,20);(2,2,4)
(82,10,0);(2,2,4)
(82,10,4);(2,2,4)
(82,10,8);(2,2,4)
(82,10,12);(2,2,4)
(82,10,16);(2,2,4)
(82,10,20);(2,2,4)
(82,12,0);(2,2,4)
(82,12,4);(2,2,4)
(82,12,8);(2,2,4)
(82,12,12);(2,2,4)
(82,12,16);(2,2,4)
(82,12,20);(2,2,4)
(84,0,0);(2,2,4)
(84,0,4);(2,2,4)
(84,0,8);(2,2,4)
(84,0,12);(2,2,4)
(84,0,16);(2,2,4)
(84,0,20);(2,2,4)
(84,2,0);(2,2,4)
(84,2,4);(2,2,4)
(84,2,8);(2,2,4)
(84,2,12);(2,2,4)
(84,2,16);(2,2,4)
(84,2,20);(2,2,4)
(84,4,0);(2,2,4)
(84,4,4);(2,2,4)
(84,4,8);(2,2,4)
(84,4,12);(2,2,4)
(84,4,16);(2,2,4)
(84,4,20);(2,2,4)
(84,6,0);(2,2,4)
(84,6,4);(2,2,4)
(84,6,8);(2,2,4)
(84,6,12);(2,2,4)
(84,6,16);(2,2,4)
(84,6,20);(2,2,4)
(84,8,0);(2,2,4)
(84,8,4);(2,2,4)
(84,8,8);(2,2,4)
(84,8,12);(2,2,4)
(84,8,16);(2,2,4)
(84,8,20);(2,2,4)
(84,10,0);(2,2,4)
(84,10,4);(2,2,4)
(84,10,8);(2,2,4)
(84,10,12);(2,2,4)
(84,10,16);(2,2,4)
(84,10,20);(2,2,4)
(84,12,0);(2,2,4)
(84,12,4);(2,2,4)
(84,12,8);(2,2,4)
(84,12,12);(2,2,4)
(84,12,16);(2,2,4)
(84,12,20);(2,2,4)
(86,0,0);(2,2,4)
(86,0,4);(2,2,4)
(86,0,8);(2,2,4)
(86,0,12);(2,2,4)
(86,0,16);(2,2,4)
(86,0,20);(2,2,4)
(86,2,0);(2,2,4)
(86,2,4);(2,2,4)
(86,2,8);(2,2,4)
(86,2,12);(2,2,4)
(86,2,16);(2,2,4)
(86,2,20);(2,2,4)
(86,4,0);(2,2,4)
(86,4,4);(2,2,4)
(86,4,8);(2,2,4)
(86,4,12);(2,2,4)
(86,4,16);(2,2,4)
(86,4,20);(2,2,4)
(86,6,0);(2,2,4)
(86,6,4);(2,2,4)
(86,6,8);(2,2,4)
(86,6,12);(2,2,4)
(86,6,16);(2,2,4)
(86,6,20);(2,2,4)
(86,8,0);(2,2,4)
(86,8,4);(2,2,4)
(86,8,8);(2,2,4)
(86,8,12);(2,2,4)
(86,8,16);(2,2,4)
(86,8,20);(2,2,4)
(86,10,0);(2,2,4)
(86,10,4);(2,2,4)
(86,10,8);(2,2,4)
(86,10,12);(2,2,4)
(86,10,16);(2,2,4)
(86,10,20);(2,2,4)
(86,12,0);(2,2,4)
(86,12,4);(2,2,4)
(86,12,8);(2,2,4)
(86,12,12);(2,2,4)
(86,12,16);(2,2,4)
(86,12,20);(2,2,4)
(88,0,0);(2,2,4)
(88,0,4);(2,2,4)
(88,0,8);(2,2,4)
(88,0,12);(2,2,4)
(88,0,16);(2,2,4)
(88,0,20);(2,2,4)
(88,2,0);(2,2,4)
(88,2,4);(2,2,4)
(88,2,8);(2,2,4)
(88,2,12);(2,2,4)
(88,2,16);(2,2,4)
(88,2,20);(2,2,4)
(88,4,0);(2,2,4)
(88,4,4);(2,2,4)
(88,4,8);(2,2,4)
(88,4,12);(2,2,4)
(88,4,16);(2,2,4)
(88,4,20);(2,2,4)
(88,6,0);(2,2,4)
(88,6,4);(2,2,4)
(88,6,8);(2,2,4)
(88,6,12);(2,2,4)
(88,6,16);(2,2,4)
(88,6,20);(2,2,4)
(88,8,0);(2,2,4)
(88,8,4);(2,2,4)
(88,8,8);(2,2,4)
(88,8,12);(2,2,4)
(88,8,16);(2,2,4)
(88,8,20);(2,2,4)
(88,10,0);(2,2,4)
(88,10,4);(2,2,4)
(88,10,8);(2,2,4)
(88,10,12);(2,2,4)
(88,10,16);(2,2,4)
(88,10,20);(2,2,4)
(88,12,0);(2,2,4)
(88,12,4);(2,2,4)
(88,12,8);(2,2,4)
(88,12,12);(2,2,4)
(88,12,16);(2,2,4)
(88,12,20);(2,2,4)
(90,0,0);(2,2,4)
(90,0,4);(2,2,4)
(90,0,8);(2,2,4)
(90,0,12);(2,2,4)
(90,0,16);(2,2,4)
(90,0,20);(2,2,4)
(90,2,0);(2,2,4)
(90,2,4);(2,2,4)
(90,2,8);(2,2,4)
(90,2,12);(2,2,4)
(90,2,16);(2,2,4)
(90,2,20);(2,2,4)
(90,4,0);(2,2,4)
(90,4,4);(2,2,4)
(90,4,8);(2,2,4)
(90,4,12);(2,2,4)
(90,4,16);(2,2,4)
(90,4,20);(2,2,4)
(90,6,0);(2,2,4)
(90,6,4);(2,2,4)
(90,6,8);(2,2,4)
(90,6,12);(2,2,4)
(90,6,16);(2,2,4)
(90,6,20);(2,2,4)
(90,8,0);(2,2,4)
(90,8,4);(2,2,4)
(90,8,8);(2,2,4)
(90,8,12);(2,2,4)
(90,8,16);(2,2,4)
(90,8,20);(2,2,4)
(90,10,0);(2,2,4)
(90,10,4);(2,2,4)
(90,10,8);(2,2,4)
(90,10,12);(2,2,4)
(90,10,16);(2,2,4)
(90,10,20);(2,2,4)
(90,12,0);(2,2,4)
(90,12,4);(2,2,4)
(90,12,8);(2,2,4)
(90,12,12);(2,2,4)
(90,12,16);(2,2,4)
(90,12,20);(2,2,4)
(92,0,0);(2,2,4)
(92,0,4);(2,2,4)
(92,0,8);(2,2,4)
(92,0,12);(2,2,4)
(92,0,16);(2,2,4)
(92,0,20);(2,2,4)
(92,2,0);(2,2,4)
(92,2,4);(2,2,4)
(92,2,8);(2,2,4)
(92,2,12);(2,2,4)
(92,2,16);(2,2,4)
(92,2,20);(2,2,4)
(92,4,0);(2,2,4)
(92,4,4);(2,2,4)
(92,4,8);(2,2,4)
(92,4,12);(2,2,4)
(92,4,16);(2,2,4)
(92,4,20);(2,2,4)
(92,6,0);(2,2,4)
(92,6,4);(2,2,4)
(92,6,8);(2,2,4)
(92,6,12);(2,2,4)
(92,6,16);(2,2,4)
(92,6,20);(2,2,4)
(92,8,0);(2,2,4)
(92,8,4);(2,2,4)
(92,8,8);(2,2,4)
(92,8,12);(2,2,4)
(92,8,16);(2,2,4)
(92,8,20);(2,2,4)
(92,10,0);(2,2,4)
(92,10,4);(2,2,4)
(92,10,8);(2,2,4)
(92,10,12);(2,2,4)
(92,10,16);(2,2,4)
(92,10,20);(2,2,4)
(92,12,0);(2,2,4)
(92,12,4);(2,2,4)
(92,12,8);(2,2,4)
(92,12,12);(2,2,4)
(92,12,16);(2,2,4)
(92,12,20);(2,2,4)
(94,0,0);(2,2,4)
(94,0,4);(2,2,4)
(94,0,8);(2,2,4)
(94,0,12);(2,2,4)
(94,0,16);(2,2,4)
(94,0,20);(2,2,4)
(94,2,0);(2,2,4)
(94,2,4);(2,2,4)
(94,2,8);(2,2,4)
(94,2,12);(2,2,4)
(94,2,16);(2,2,4)
(94,2,20);(2,2,4)
(94,4,0);(2,2,4)
(94,4,4);(2,2,4)
(94,4,8);(2,2,4)
(94,4,12);(2,2,4)
(94,4,16);(2,2,4)
(94,4,20);(2,2,4)
(94,6,0);(2,2,4)
(94,6,4);(2,2,4)
(94,6,8);(2,2,4)
(94,6,12);(2,2,4)
(94,6,16);(2,2,4)
(94,6,20);(2,2,4)
(94,8,0);(2,2,4)
(94,8,4);(2,2,4)
(94,8,8);(2,2,4)
(94,8,12);(2,2,4)
(94,8,16);(2,2,4)
(94,8,20);(2,2,4)
(94,10,0);(2,2,4)
(94,10,4);(2,2,4)
(94,10,8);(2,2,4)
(94,10,12);(2,2,4)
(94,10,16);(2,2,4)
(94,10,20);(2,2,4)
(94,12,0);(2,2,4)
(94,12,4);(2,2,4)
(94,12,8);(2,2,4)
(94,12,12);(2,2,4)
(94,12,16);(2,2,4)
(94,12,20);(2,2,4)
(96,0,0);(2,2,4)
(96,0,4);(2,2,4)
(96,0,8);(2,2,4)
(96,0,12);(2,2,4)
(96,0,16);(2,2,4)
(96,0,20);(2,2,4)
(96,2,0);(2,2,4)
(96,2,4);(2,2,4)
(96,2,8);(2,2,4)
(96,2,12);(2,2,4)
(96,2,16);(2,2,4)
(96,2,20);(2,2,4)
(96,4,0);(2,2,4)
(96,4,4);(2,2,4)
(96,4,8);(2,2,4)
(96,4,12);(2,2,4)
(96,4,16);(2,2,4)
(96,4,20);(2,2,4)
(96,6,0);(2,2,4)
(96,6,4);(2,2,4)
(96,6,8);(2,2,4)
(96,6,12);(2,2,4)
(96,6,16);(2,2,4)
(96,6,20);(2,2,4)
(96,8,0);(2,2,4)
(96,8,4);(2,2,4)
(96,8,8);(2,2,4)
(96,8,12);(2,2,4)
(96,8,16);(2,2,4)
(96,8,20);(2,2,4)
(96,10,0);(2,2,4)
(96,10,4);(2,2,4)
(96,10,8);(2,2,4)
(96,10,12);(2,2,4)
(96,10,16);(2,2,4)
(96,10,20);(2,2,4)
(96,12,0);(2,2,4)
(96,12,4);(2,2,4)
(96,12,8);(2,2,4)
(96,12,12);(2,2,4)
(96,12,16);(2,2,4)
(96,12,20);(2,2,4)
